{"/Users/admin/Downloads/HackReactor/RFC2205/project-atelier/config.js": {"path":"/Users/admin/Downloads/HackReactor/RFC2205/project-atelier/config.js","statementMap":{"0":{"start":{"line":1,"column":0},"end":{"line":3,"column":2}}},"fnMap":{},"branchMap":{},"s":{"0":1},"f":{},"b":{},"_coverageSchema":"1a1c01bbd47fc00a2c39e90264f33305004495a9","hash":"291779214b3b45eff99b6f6dec96f7c4818556d5"}
,"/Users/admin/Downloads/HackReactor/RFC2205/project-atelier/client/src/QuestionAnswer/addAnswer.jsx": {"path":"/Users/admin/Downloads/HackReactor/RFC2205/project-atelier/client/src/QuestionAnswer/addAnswer.jsx","statementMap":{"0":{"start":{"line":8,"column":4},"end":{"line":8,"column":17}},"1":{"start":{"line":9,"column":4},"end":{"line":15,"column":5}},"2":{"start":{"line":18,"column":9},"end":{"line":18,"column":54}},"3":{"start":{"line":18,"column":17},"end":{"line":18,"column":52}},"4":{"start":{"line":19,"column":10},"end":{"line":19,"column":56}},"5":{"start":{"line":19,"column":18},"end":{"line":19,"column":54}},"6":{"start":{"line":21,"column":17},"end":{"line":35,"column":3}},"7":{"start":{"line":22,"column":4},"end":{"line":22,"column":23}},"8":{"start":{"line":23,"column":4},"end":{"line":23,"column":17}},"9":{"start":{"line":24,"column":15},"end":{"line":29,"column":5}},"10":{"start":{"line":31,"column":4},"end":{"line":34,"column":73}},"11":{"start":{"line":32,"column":6},"end":{"line":32,"column":50}},"12":{"start":{"line":33,"column":6},"end":{"line":33,"column":30}},"13":{"start":{"line":34,"column":24},"end":{"line":34,"column":70}},"14":{"start":{"line":38,"column":4},"end":{"line":51,"column":5}},"15":{"start":{"line":44,"column":87},"end":{"line":44,"column":126}},"16":{"start":{"line":45,"column":89},"end":{"line":45,"column":128}},"17":{"start":{"line":46,"column":85},"end":{"line":46,"column":125}}},"fnMap":{"0":{"name":"(anonymous_0)","decl":{"start":{"line":7,"column":2},"end":{"line":7,"column":3}},"loc":{"start":{"line":7,"column":21},"end":{"line":16,"column":3}},"line":7},"1":{"name":"(anonymous_1)","decl":{"start":{"line":18,"column":9},"end":{"line":18,"column":10}},"loc":{"start":{"line":18,"column":15},"end":{"line":18,"column":54}},"line":18},"2":{"name":"(anonymous_2)","decl":{"start":{"line":19,"column":10},"end":{"line":19,"column":11}},"loc":{"start":{"line":19,"column":16},"end":{"line":19,"column":56}},"line":19},"3":{"name":"(anonymous_3)","decl":{"start":{"line":21,"column":17},"end":{"line":21,"column":18}},"loc":{"start":{"line":21,"column":24},"end":{"line":35,"column":3}},"line":21},"4":{"name":"(anonymous_4)","decl":{"start":{"line":31,"column":81},"end":{"line":31,"column":82}},"loc":{"start":{"line":31,"column":93},"end":{"line":34,"column":5}},"line":31},"5":{"name":"(anonymous_5)","decl":{"start":{"line":34,"column":13},"end":{"line":34,"column":14}},"loc":{"start":{"line":34,"column":22},"end":{"line":34,"column":72}},"line":34},"6":{"name":"(anonymous_6)","decl":{"start":{"line":37,"column":2},"end":{"line":37,"column":3}},"loc":{"start":{"line":37,"column":11},"end":{"line":52,"column":3}},"line":37},"7":{"name":"(anonymous_7)","decl":{"start":{"line":44,"column":78},"end":{"line":44,"column":79}},"loc":{"start":{"line":44,"column":85},"end":{"line":44,"column":128}},"line":44},"8":{"name":"(anonymous_8)","decl":{"start":{"line":45,"column":80},"end":{"line":45,"column":81}},"loc":{"start":{"line":45,"column":87},"end":{"line":45,"column":130}},"line":45},"9":{"name":"(anonymous_9)","decl":{"start":{"line":46,"column":76},"end":{"line":46,"column":77}},"loc":{"start":{"line":46,"column":83},"end":{"line":46,"column":127}},"line":46}},"branchMap":{},"s":{"0":1,"1":1,"2":1,"3":1,"4":1,"5":0,"6":1,"7":0,"8":0,"9":0,"10":0,"11":0,"12":0,"13":0,"14":3,"15":1,"16":0,"17":0},"f":{"0":1,"1":1,"2":0,"3":0,"4":0,"5":0,"6":3,"7":1,"8":0,"9":0},"b":{},"_coverageSchema":"1a1c01bbd47fc00a2c39e90264f33305004495a9","hash":"be729eba01b5db2dcb6968edace6c95d443b6f49"}
,"/Users/admin/Downloads/HackReactor/RFC2205/project-atelier/client/src/QuestionAnswer/addAnswerNew.jsx": {"path":"/Users/admin/Downloads/HackReactor/RFC2205/project-atelier/client/src/QuestionAnswer/addAnswerNew.jsx","statementMap":{"0":{"start":{"line":5,"column":16},"end":{"line":60,"column":1}},"1":{"start":{"line":8,"column":24},"end":{"line":8,"column":40}},"2":{"start":{"line":9,"column":28},"end":{"line":9,"column":44}},"3":{"start":{"line":10,"column":26},"end":{"line":10,"column":42}},"4":{"start":{"line":11,"column":25},"end":{"line":11,"column":43}},"5":{"start":{"line":13,"column":17},"end":{"line":19,"column":3}},"6":{"start":{"line":14,"column":25},"end":{"line":14,"column":57}},"7":{"start":{"line":15,"column":14},"end":{"line":15,"column":47}},"8":{"start":{"line":16,"column":13},"end":{"line":16,"column":73}},"9":{"start":{"line":16,"column":32},"end":{"line":16,"column":71}},"10":{"start":{"line":17,"column":4},"end":{"line":17,"column":20}},"11":{"start":{"line":18,"column":4},"end":{"line":18,"column":21}},"12":{"start":{"line":21,"column":21},"end":{"line":35,"column":3}},"13":{"start":{"line":22,"column":4},"end":{"line":22,"column":23}},"14":{"start":{"line":23,"column":4},"end":{"line":23,"column":24}},"15":{"start":{"line":24,"column":15},"end":{"line":29,"column":5}},"16":{"start":{"line":31,"column":4},"end":{"line":34,"column":73}},"17":{"start":{"line":32,"column":6},"end":{"line":32,"column":50}},"18":{"start":{"line":33,"column":6},"end":{"line":33,"column":30}},"19":{"start":{"line":34,"column":24},"end":{"line":34,"column":70}},"20":{"start":{"line":38,"column":2},"end":{"line":58,"column":3}},"21":{"start":{"line":42,"column":36},"end":{"line":42,"column":55}},"22":{"start":{"line":46,"column":88},"end":{"line":46,"column":111}},"23":{"start":{"line":47,"column":96},"end":{"line":47,"column":121}},"24":{"start":{"line":48,"column":87},"end":{"line":48,"column":111}},"25":{"start":{"line":50,"column":60},"end":{"line":50,"column":87}}},"fnMap":{"0":{"name":"(anonymous_0)","decl":{"start":{"line":5,"column":16},"end":{"line":5,"column":17}},"loc":{"start":{"line":5,"column":27},"end":{"line":60,"column":1}},"line":5},"1":{"name":"(anonymous_1)","decl":{"start":{"line":13,"column":17},"end":{"line":13,"column":18}},"loc":{"start":{"line":13,"column":23},"end":{"line":19,"column":3}},"line":13},"2":{"name":"(anonymous_2)","decl":{"start":{"line":16,"column":23},"end":{"line":16,"column":24}},"loc":{"start":{"line":16,"column":31},"end":{"line":16,"column":72}},"line":16},"3":{"name":"(anonymous_3)","decl":{"start":{"line":21,"column":21},"end":{"line":21,"column":22}},"loc":{"start":{"line":21,"column":28},"end":{"line":35,"column":3}},"line":21},"4":{"name":"(anonymous_4)","decl":{"start":{"line":31,"column":77},"end":{"line":31,"column":78}},"loc":{"start":{"line":31,"column":89},"end":{"line":34,"column":5}},"line":31},"5":{"name":"(anonymous_5)","decl":{"start":{"line":34,"column":13},"end":{"line":34,"column":14}},"loc":{"start":{"line":34,"column":22},"end":{"line":34,"column":72}},"line":34},"6":{"name":"(anonymous_6)","decl":{"start":{"line":42,"column":27},"end":{"line":42,"column":28}},"loc":{"start":{"line":42,"column":34},"end":{"line":42,"column":57}},"line":42},"7":{"name":"(anonymous_7)","decl":{"start":{"line":46,"column":79},"end":{"line":46,"column":80}},"loc":{"start":{"line":46,"column":86},"end":{"line":46,"column":113}},"line":46},"8":{"name":"(anonymous_8)","decl":{"start":{"line":47,"column":87},"end":{"line":47,"column":88}},"loc":{"start":{"line":47,"column":94},"end":{"line":47,"column":123}},"line":47},"9":{"name":"(anonymous_9)","decl":{"start":{"line":48,"column":78},"end":{"line":48,"column":79}},"loc":{"start":{"line":48,"column":85},"end":{"line":48,"column":113}},"line":48},"10":{"name":"(anonymous_10)","decl":{"start":{"line":50,"column":51},"end":{"line":50,"column":52}},"loc":{"start":{"line":50,"column":58},"end":{"line":50,"column":89}},"line":50}},"branchMap":{},"s":{"0":1,"1":0,"2":0,"3":0,"4":0,"5":0,"6":0,"7":0,"8":0,"9":0,"10":0,"11":0,"12":0,"13":0,"14":0,"15":0,"16":0,"17":0,"18":0,"19":0,"20":0,"21":0,"22":0,"23":0,"24":0,"25":0},"f":{"0":0,"1":0,"2":0,"3":0,"4":0,"5":0,"6":0,"7":0,"8":0,"9":0,"10":0},"b":{},"_coverageSchema":"1a1c01bbd47fc00a2c39e90264f33305004495a9","hash":"d5db8aa9fe10d31d7178c2e10cd13b73c36fc1bf"}
,"/Users/admin/Downloads/HackReactor/RFC2205/project-atelier/client/src/QuestionAnswer/addQuestionNew.jsx": {"path":"/Users/admin/Downloads/HackReactor/RFC2205/project-atelier/client/src/QuestionAnswer/addQuestionNew.jsx","statementMap":{"0":{"start":{"line":8,"column":21},"end":{"line":8,"column":37}},"1":{"start":{"line":9,"column":29},"end":{"line":9,"column":45}},"2":{"start":{"line":10,"column":23},"end":{"line":10,"column":39}},"3":{"start":{"line":12,"column":21},"end":{"line":26,"column":3}},"4":{"start":{"line":13,"column":4},"end":{"line":13,"column":23}},"5":{"start":{"line":14,"column":4},"end":{"line":14,"column":23}},"6":{"start":{"line":15,"column":15},"end":{"line":20,"column":5}},"7":{"start":{"line":22,"column":4},"end":{"line":25,"column":75}},"8":{"start":{"line":23,"column":6},"end":{"line":23,"column":52}},"9":{"start":{"line":24,"column":6},"end":{"line":24,"column":27}},"10":{"start":{"line":25,"column":24},"end":{"line":25,"column":72}},"11":{"start":{"line":29,"column":2},"end":{"line":48,"column":3}},"12":{"start":{"line":33,"column":32},"end":{"line":33,"column":50}},"13":{"start":{"line":37,"column":85},"end":{"line":37,"column":108}},"14":{"start":{"line":38,"column":99},"end":{"line":38,"column":126}},"15":{"start":{"line":39,"column":85},"end":{"line":39,"column":109}}},"fnMap":{"0":{"name":"AddQuestion","decl":{"start":{"line":5,"column":9},"end":{"line":5,"column":20}},"loc":{"start":{"line":5,"column":27},"end":{"line":50,"column":1}},"line":5},"1":{"name":"(anonymous_1)","decl":{"start":{"line":12,"column":21},"end":{"line":12,"column":22}},"loc":{"start":{"line":12,"column":28},"end":{"line":26,"column":3}},"line":12},"2":{"name":"(anonymous_2)","decl":{"start":{"line":22,"column":43},"end":{"line":22,"column":44}},"loc":{"start":{"line":22,"column":52},"end":{"line":25,"column":5}},"line":22},"3":{"name":"(anonymous_3)","decl":{"start":{"line":25,"column":13},"end":{"line":25,"column":14}},"loc":{"start":{"line":25,"column":22},"end":{"line":25,"column":74}},"line":25},"4":{"name":"(anonymous_4)","decl":{"start":{"line":33,"column":27},"end":{"line":33,"column":28}},"loc":{"start":{"line":33,"column":31},"end":{"line":33,"column":51}},"line":33},"5":{"name":"(anonymous_5)","decl":{"start":{"line":37,"column":79},"end":{"line":37,"column":80}},"loc":{"start":{"line":37,"column":84},"end":{"line":37,"column":109}},"line":37},"6":{"name":"(anonymous_6)","decl":{"start":{"line":38,"column":93},"end":{"line":38,"column":94}},"loc":{"start":{"line":38,"column":98},"end":{"line":38,"column":127}},"line":38},"7":{"name":"(anonymous_7)","decl":{"start":{"line":39,"column":79},"end":{"line":39,"column":80}},"loc":{"start":{"line":39,"column":84},"end":{"line":39,"column":110}},"line":39}},"branchMap":{},"s":{"0":0,"1":0,"2":0,"3":0,"4":0,"5":0,"6":0,"7":0,"8":0,"9":0,"10":0,"11":0,"12":0,"13":0,"14":0,"15":0},"f":{"0":0,"1":0,"2":0,"3":0,"4":0,"5":0,"6":0,"7":0},"b":{},"_coverageSchema":"1a1c01bbd47fc00a2c39e90264f33305004495a9","hash":"4ff120e8d4d87955b80355103b9bc9508c44b3f5"}
,"/Users/admin/Downloads/HackReactor/RFC2205/project-atelier/client/src/QuestionAnswer/answerList.jsx": {"path":"/Users/admin/Downloads/HackReactor/RFC2205/project-atelier/client/src/QuestionAnswer/answerList.jsx","statementMap":{"0":{"start":{"line":8,"column":4},"end":{"line":8,"column":17}},"1":{"start":{"line":9,"column":4},"end":{"line":12,"column":5}},"2":{"start":{"line":15,"column":16},"end":{"line":17,"column":3}},"3":{"start":{"line":16,"column":4},"end":{"line":16,"column":21}},"4":{"start":{"line":18,"column":16},"end":{"line":27,"column":3}},"5":{"start":{"line":19,"column":11},"end":{"line":19,"column":36}},"6":{"start":{"line":20,"column":16},"end":{"line":20,"column":45}},"7":{"start":{"line":21,"column":4},"end":{"line":23,"column":6}},"8":{"start":{"line":24,"column":4},"end":{"line":26,"column":5}},"9":{"start":{"line":25,"column":6},"end":{"line":25,"column":162}},"10":{"start":{"line":25,"column":54},"end":{"line":25,"column":95}},"11":{"start":{"line":25,"column":112},"end":{"line":25,"column":159}},"12":{"start":{"line":28,"column":15},"end":{"line":37,"column":3}},"13":{"start":{"line":29,"column":11},"end":{"line":29,"column":36}},"14":{"start":{"line":30,"column":15},"end":{"line":30,"column":46}},"15":{"start":{"line":31,"column":4},"end":{"line":33,"column":6}},"16":{"start":{"line":34,"column":4},"end":{"line":36,"column":5}},"17":{"start":{"line":35,"column":6},"end":{"line":35,"column":143}},"18":{"start":{"line":35,"column":53},"end":{"line":35,"column":86}},"19":{"start":{"line":35,"column":103},"end":{"line":35,"column":140}},"20":{"start":{"line":41,"column":4},"end":{"line":45,"column":5}},"21":{"start":{"line":42,"column":6},"end":{"line":42,"column":87}},"22":{"start":{"line":44,"column":6},"end":{"line":44,"column":17}},"23":{"start":{"line":46,"column":4},"end":{"line":67,"column":5}},"24":{"start":{"line":49,"column":10},"end":{"line":63,"column":11}}},"fnMap":{"0":{"name":"(anonymous_0)","decl":{"start":{"line":7,"column":2},"end":{"line":7,"column":3}},"loc":{"start":{"line":7,"column":21},"end":{"line":13,"column":3}},"line":7},"1":{"name":"(anonymous_1)","decl":{"start":{"line":15,"column":16},"end":{"line":15,"column":17}},"loc":{"start":{"line":15,"column":23},"end":{"line":17,"column":3}},"line":15},"2":{"name":"(anonymous_2)","decl":{"start":{"line":18,"column":16},"end":{"line":18,"column":17}},"loc":{"start":{"line":18,"column":21},"end":{"line":27,"column":3}},"line":18},"3":{"name":"(anonymous_3)","decl":{"start":{"line":25,"column":49},"end":{"line":25,"column":50}},"loc":{"start":{"line":25,"column":53},"end":{"line":25,"column":96}},"line":25},"4":{"name":"(anonymous_4)","decl":{"start":{"line":25,"column":104},"end":{"line":25,"column":105}},"loc":{"start":{"line":25,"column":111},"end":{"line":25,"column":160}},"line":25},"5":{"name":"(anonymous_5)","decl":{"start":{"line":28,"column":15},"end":{"line":28,"column":16}},"loc":{"start":{"line":28,"column":20},"end":{"line":37,"column":3}},"line":28},"6":{"name":"(anonymous_6)","decl":{"start":{"line":35,"column":48},"end":{"line":35,"column":49}},"loc":{"start":{"line":35,"column":52},"end":{"line":35,"column":87}},"line":35},"7":{"name":"(anonymous_7)","decl":{"start":{"line":35,"column":95},"end":{"line":35,"column":96}},"loc":{"start":{"line":35,"column":102},"end":{"line":35,"column":141}},"line":35},"8":{"name":"(anonymous_8)","decl":{"start":{"line":39,"column":2},"end":{"line":39,"column":3}},"loc":{"start":{"line":39,"column":11},"end":{"line":69,"column":3}},"line":39},"9":{"name":"(anonymous_9)","decl":{"start":{"line":48,"column":33},"end":{"line":48,"column":34}},"loc":{"start":{"line":48,"column":42},"end":{"line":64,"column":9}},"line":48}},"branchMap":{"0":{"loc":{"start":{"line":20,"column":16},"end":{"line":20,"column":45}},"type":"cond-expr","locations":[{"start":{"line":20,"column":35},"end":{"line":20,"column":40}},{"start":{"line":20,"column":41},"end":{"line":20,"column":45}}],"line":20},"1":{"loc":{"start":{"line":24,"column":4},"end":{"line":26,"column":5}},"type":"if","locations":[{"start":{"line":24,"column":4},"end":{"line":26,"column":5}},{"start":{},"end":{}}],"line":24},"2":{"loc":{"start":{"line":30,"column":15},"end":{"line":30,"column":46}},"type":"cond-expr","locations":[{"start":{"line":30,"column":36},"end":{"line":30,"column":41}},{"start":{"line":30,"column":42},"end":{"line":30,"column":46}}],"line":30},"3":{"loc":{"start":{"line":34,"column":4},"end":{"line":36,"column":5}},"type":"if","locations":[{"start":{"line":34,"column":4},"end":{"line":36,"column":5}},{"start":{},"end":{}}],"line":34},"4":{"loc":{"start":{"line":41,"column":4},"end":{"line":45,"column":5}},"type":"if","locations":[{"start":{"line":41,"column":4},"end":{"line":45,"column":5}},{"start":{"line":43,"column":9},"end":{"line":45,"column":5}}],"line":41}},"s":{"0":0,"1":0,"2":0,"3":0,"4":0,"5":0,"6":0,"7":0,"8":0,"9":0,"10":0,"11":0,"12":0,"13":0,"14":0,"15":0,"16":0,"17":0,"18":0,"19":0,"20":0,"21":0,"22":0,"23":0,"24":0},"f":{"0":0,"1":0,"2":0,"3":0,"4":0,"5":0,"6":0,"7":0,"8":0,"9":0},"b":{"0":[0,0],"1":[0,0],"2":[0,0],"3":[0,0],"4":[0,0]},"_coverageSchema":"1a1c01bbd47fc00a2c39e90264f33305004495a9","hash":"e7ba9f6438170317c02c9eb65005e6b007b0ae92"}
,"/Users/admin/Downloads/HackReactor/RFC2205/project-atelier/client/src/QuestionAnswer/photoDetail.jsx": {"path":"/Users/admin/Downloads/HackReactor/RFC2205/project-atelier/client/src/QuestionAnswer/photoDetail.jsx","statementMap":{"0":{"start":{"line":5,"column":18},"end":{"line":21,"column":1}},"1":{"start":{"line":6,"column":22},"end":{"line":6,"column":39}},"2":{"start":{"line":8,"column":2},"end":{"line":19,"column":3}},"3":{"start":{"line":12,"column":35},"end":{"line":12,"column":58}},"4":{"start":{"line":15,"column":68},"end":{"line":15,"column":109}}},"fnMap":{"0":{"name":"(anonymous_0)","decl":{"start":{"line":5,"column":18},"end":{"line":5,"column":19}},"loc":{"start":{"line":5,"column":29},"end":{"line":21,"column":1}},"line":5},"1":{"name":"(anonymous_1)","decl":{"start":{"line":12,"column":27},"end":{"line":12,"column":28}},"loc":{"start":{"line":12,"column":33},"end":{"line":12,"column":60}},"line":12},"2":{"name":"(anonymous_2)","decl":{"start":{"line":15,"column":63},"end":{"line":15,"column":64}},"loc":{"start":{"line":15,"column":67},"end":{"line":15,"column":110}},"line":15}},"branchMap":{"0":{"loc":{"start":{"line":15,"column":75},"end":{"line":15,"column":108}},"type":"cond-expr","locations":[{"start":{"line":15,"column":101},"end":{"line":15,"column":106}},{"start":{"line":15,"column":107},"end":{"line":15,"column":108}}],"line":15}},"s":{"0":1,"1":0,"2":0,"3":0,"4":0},"f":{"0":0,"1":0,"2":0},"b":{"0":[0,0]},"_coverageSchema":"1a1c01bbd47fc00a2c39e90264f33305004495a9","hash":"8f0d5d454a23b91fa593663062a52fa1b9e28ed6"}
,"/Users/admin/Downloads/HackReactor/RFC2205/project-atelier/client/src/QuestionAnswer/photoList.jsx": {"path":"/Users/admin/Downloads/HackReactor/RFC2205/project-atelier/client/src/QuestionAnswer/photoList.jsx","statementMap":{"0":{"start":{"line":6,"column":16},"end":{"line":23,"column":1}},"1":{"start":{"line":7,"column":31},"end":{"line":7,"column":46}},"2":{"start":{"line":9,"column":2},"end":{"line":22,"column":3}},"3":{"start":{"line":10,"column":4},"end":{"line":19,"column":5}},"4":{"start":{"line":15,"column":12},"end":{"line":15,"column":79}},"5":{"start":{"line":15,"column":51},"end":{"line":15,"column":69}},"6":{"start":{"line":21,"column":4},"end":{"line":21,"column":16}}},"fnMap":{"0":{"name":"(anonymous_0)","decl":{"start":{"line":6,"column":16},"end":{"line":6,"column":17}},"loc":{"start":{"line":6,"column":27},"end":{"line":23,"column":1}},"line":6},"1":{"name":"(anonymous_1)","decl":{"start":{"line":14,"column":27},"end":{"line":14,"column":28}},"loc":{"start":{"line":14,"column":38},"end":{"line":16,"column":11}},"line":14},"2":{"name":"(anonymous_2)","decl":{"start":{"line":15,"column":46},"end":{"line":15,"column":47}},"loc":{"start":{"line":15,"column":50},"end":{"line":15,"column":70}},"line":15}},"branchMap":{"0":{"loc":{"start":{"line":9,"column":2},"end":{"line":22,"column":3}},"type":"if","locations":[{"start":{"line":9,"column":2},"end":{"line":22,"column":3}},{"start":{"line":20,"column":7},"end":{"line":22,"column":3}}],"line":9},"1":{"loc":{"start":{"line":12,"column":9},"end":{"line":12,"column":82}},"type":"binary-expr","locations":[{"start":{"line":12,"column":9},"end":{"line":12,"column":18}},{"start":{"line":12,"column":20},"end":{"line":12,"column":82}}],"line":12}},"s":{"0":1,"1":0,"2":0,"3":0,"4":0,"5":0,"6":0},"f":{"0":0,"1":0,"2":0},"b":{"0":[0,0],"1":[0,0]},"_coverageSchema":"1a1c01bbd47fc00a2c39e90264f33305004495a9","hash":"ee2880c6972a2dc6bc1be8b15131d4c52dede13b"}
,"/Users/admin/Downloads/HackReactor/RFC2205/project-atelier/client/src/QuestionAnswer/qa.jsx": {"path":"/Users/admin/Downloads/HackReactor/RFC2205/project-atelier/client/src/QuestionAnswer/qa.jsx","statementMap":{"0":{"start":{"line":8,"column":4},"end":{"line":8,"column":17}},"1":{"start":{"line":9,"column":4},"end":{"line":14,"column":5}},"2":{"start":{"line":17,"column":14},"end":{"line":42,"column":3}},"3":{"start":{"line":18,"column":21},"end":{"line":18,"column":34}},"4":{"start":{"line":19,"column":17},"end":{"line":26,"column":5}},"5":{"start":{"line":28,"column":4},"end":{"line":41,"column":9}},"6":{"start":{"line":30,"column":17},"end":{"line":30,"column":30}},"7":{"start":{"line":31,"column":17},"end":{"line":31,"column":77}},"8":{"start":{"line":31,"column":42},"end":{"line":31,"column":76}},"9":{"start":{"line":32,"column":6},"end":{"line":36,"column":9}},"10":{"start":{"line":37,"column":7},"end":{"line":37,"column":26}},"11":{"start":{"line":40,"column":8},"end":{"line":40,"column":27}},"12":{"start":{"line":45,"column":4},"end":{"line":45,"column":21}},"13":{"start":{"line":49,"column":4},"end":{"line":51,"column":5}},"14":{"start":{"line":50,"column":6},"end":{"line":50,"column":23}},"15":{"start":{"line":54,"column":17},"end":{"line":60,"column":3}},"16":{"start":{"line":55,"column":19},"end":{"line":55,"column":79}},"17":{"start":{"line":55,"column":44},"end":{"line":55,"column":78}},"18":{"start":{"line":57,"column":4},"end":{"line":59,"column":6}},"19":{"start":{"line":62,"column":13},"end":{"line":67,"column":3}},"20":{"start":{"line":63,"column":17},"end":{"line":63,"column":34}},"21":{"start":{"line":64,"column":4},"end":{"line":66,"column":6}},"22":{"start":{"line":70,"column":4},"end":{"line":77,"column":5}}},"fnMap":{"0":{"name":"(anonymous_0)","decl":{"start":{"line":7,"column":2},"end":{"line":7,"column":3}},"loc":{"start":{"line":7,"column":21},"end":{"line":15,"column":3}},"line":7},"1":{"name":"(anonymous_1)","decl":{"start":{"line":17,"column":14},"end":{"line":17,"column":15}},"loc":{"start":{"line":17,"column":20},"end":{"line":42,"column":3}},"line":17},"2":{"name":"(anonymous_2)","decl":{"start":{"line":28,"column":23},"end":{"line":28,"column":24}},"loc":{"start":{"line":28,"column":37},"end":{"line":38,"column":5}},"line":28},"3":{"name":"(anonymous_3)","decl":{"start":{"line":31,"column":35},"end":{"line":31,"column":36}},"loc":{"start":{"line":31,"column":42},"end":{"line":31,"column":76}},"line":31},"4":{"name":"(anonymous_4)","decl":{"start":{"line":39,"column":13},"end":{"line":39,"column":14}},"loc":{"start":{"line":39,"column":30},"end":{"line":41,"column":7}},"line":39},"5":{"name":"(anonymous_5)","decl":{"start":{"line":44,"column":2},"end":{"line":44,"column":3}},"loc":{"start":{"line":44,"column":22},"end":{"line":46,"column":3}},"line":44},"6":{"name":"(anonymous_6)","decl":{"start":{"line":48,"column":2},"end":{"line":48,"column":3}},"loc":{"start":{"line":48,"column":43},"end":{"line":52,"column":3}},"line":48},"7":{"name":"(anonymous_7)","decl":{"start":{"line":54,"column":17},"end":{"line":54,"column":18}},"loc":{"start":{"line":54,"column":35},"end":{"line":60,"column":3}},"line":54},"8":{"name":"(anonymous_8)","decl":{"start":{"line":55,"column":37},"end":{"line":55,"column":38}},"loc":{"start":{"line":55,"column":44},"end":{"line":55,"column":78}},"line":55},"9":{"name":"(anonymous_9)","decl":{"start":{"line":62,"column":13},"end":{"line":62,"column":14}},"loc":{"start":{"line":62,"column":17},"end":{"line":67,"column":3}},"line":62},"10":{"name":"(anonymous_10)","decl":{"start":{"line":69,"column":2},"end":{"line":69,"column":3}},"loc":{"start":{"line":69,"column":11},"end":{"line":78,"column":3}},"line":69}},"branchMap":{"0":{"loc":{"start":{"line":31,"column":42},"end":{"line":31,"column":76}},"type":"cond-expr","locations":[{"start":{"line":31,"column":72},"end":{"line":31,"column":74}},{"start":{"line":31,"column":75},"end":{"line":31,"column":76}}],"line":31},"1":{"loc":{"start":{"line":49,"column":4},"end":{"line":51,"column":5}},"type":"if","locations":[{"start":{"line":49,"column":4},"end":{"line":51,"column":5}},{"start":{},"end":{}}],"line":49},"2":{"loc":{"start":{"line":55,"column":44},"end":{"line":55,"column":78}},"type":"cond-expr","locations":[{"start":{"line":55,"column":74},"end":{"line":55,"column":76}},{"start":{"line":55,"column":77},"end":{"line":55,"column":78}}],"line":55}},"s":{"0":2,"1":2,"2":2,"3":2,"4":2,"5":2,"6":0,"7":0,"8":0,"9":0,"10":0,"11":0,"12":2,"13":0,"14":0,"15":2,"16":0,"17":0,"18":0,"19":2,"20":0,"21":0,"22":2},"f":{"0":2,"1":2,"2":0,"3":0,"4":0,"5":2,"6":0,"7":0,"8":0,"9":0,"10":2},"b":{"0":[0,0],"1":[0,0],"2":[0,0]},"_coverageSchema":"1a1c01bbd47fc00a2c39e90264f33305004495a9","hash":"e0ab0b5aae7f969445814a3d94973c5e6ab58c6f"}
,"/Users/admin/Downloads/HackReactor/RFC2205/project-atelier/client/src/QuestionAnswer/questionList.jsx": {"path":"/Users/admin/Downloads/HackReactor/RFC2205/project-atelier/client/src/QuestionAnswer/questionList.jsx","statementMap":{"0":{"start":{"line":13,"column":4},"end":{"line":13,"column":17}},"1":{"start":{"line":14,"column":4},"end":{"line":19,"column":5}},"2":{"start":{"line":21,"column":16},"end":{"line":23,"column":3}},"3":{"start":{"line":22,"column":4},"end":{"line":22,"column":22}},"4":{"start":{"line":25,"column":15},"end":{"line":30,"column":3}},"5":{"start":{"line":26,"column":19},"end":{"line":26,"column":38}},"6":{"start":{"line":27,"column":4},"end":{"line":29,"column":6}},"7":{"start":{"line":31,"column":18},"end":{"line":40,"column":3}},"8":{"start":{"line":32,"column":13},"end":{"line":32,"column":38}},"9":{"start":{"line":33,"column":18},"end":{"line":33,"column":51}},"10":{"start":{"line":34,"column":4},"end":{"line":36,"column":6}},"11":{"start":{"line":37,"column":4},"end":{"line":39,"column":5}},"12":{"start":{"line":38,"column":6},"end":{"line":38,"column":176}},"13":{"start":{"line":38,"column":59},"end":{"line":38,"column":102}},"14":{"start":{"line":38,"column":123},"end":{"line":38,"column":172}},"15":{"start":{"line":41,"column":18},"end":{"line":44,"column":3}},"16":{"start":{"line":42,"column":19},"end":{"line":42,"column":42}},"17":{"start":{"line":43,"column":4},"end":{"line":43,"column":42}},"18":{"start":{"line":45,"column":18},"end":{"line":51,"column":3}},"19":{"start":{"line":46,"column":19},"end":{"line":46,"column":42}},"20":{"start":{"line":47,"column":4},"end":{"line":50,"column":4}},"21":{"start":{"line":54,"column":4},"end":{"line":58,"column":5}},"22":{"start":{"line":55,"column":6},"end":{"line":55,"column":94}},"23":{"start":{"line":57,"column":6},"end":{"line":57,"column":18}},"24":{"start":{"line":59,"column":4},"end":{"line":90,"column":5}},"25":{"start":{"line":66,"column":14},"end":{"line":78,"column":15}}},"fnMap":{"0":{"name":"(anonymous_0)","decl":{"start":{"line":12,"column":2},"end":{"line":12,"column":3}},"loc":{"start":{"line":12,"column":21},"end":{"line":20,"column":3}},"line":12},"1":{"name":"(anonymous_1)","decl":{"start":{"line":21,"column":16},"end":{"line":21,"column":17}},"loc":{"start":{"line":21,"column":23},"end":{"line":23,"column":3}},"line":21},"2":{"name":"(anonymous_2)","decl":{"start":{"line":25,"column":15},"end":{"line":25,"column":16}},"loc":{"start":{"line":25,"column":21},"end":{"line":30,"column":3}},"line":25},"3":{"name":"(anonymous_3)","decl":{"start":{"line":31,"column":18},"end":{"line":31,"column":19}},"loc":{"start":{"line":31,"column":25},"end":{"line":40,"column":3}},"line":31},"4":{"name":"(anonymous_4)","decl":{"start":{"line":38,"column":51},"end":{"line":38,"column":52}},"loc":{"start":{"line":38,"column":57},"end":{"line":38,"column":104}},"line":38},"5":{"name":"(anonymous_5)","decl":{"start":{"line":38,"column":112},"end":{"line":38,"column":113}},"loc":{"start":{"line":38,"column":121},"end":{"line":38,"column":174}},"line":38},"6":{"name":"(anonymous_6)","decl":{"start":{"line":41,"column":18},"end":{"line":41,"column":19}},"loc":{"start":{"line":41,"column":25},"end":{"line":44,"column":3}},"line":41},"7":{"name":"(anonymous_7)","decl":{"start":{"line":45,"column":18},"end":{"line":45,"column":19}},"loc":{"start":{"line":45,"column":25},"end":{"line":51,"column":3}},"line":45},"8":{"name":"(anonymous_8)","decl":{"start":{"line":52,"column":2},"end":{"line":52,"column":3}},"loc":{"start":{"line":52,"column":11},"end":{"line":92,"column":3}},"line":52},"9":{"name":"(anonymous_9)","decl":{"start":{"line":65,"column":36},"end":{"line":65,"column":37}},"loc":{"start":{"line":65,"column":47},"end":{"line":79,"column":13}},"line":65}},"branchMap":{"0":{"loc":{"start":{"line":33,"column":18},"end":{"line":33,"column":51}},"type":"cond-expr","locations":[{"start":{"line":33,"column":39},"end":{"line":33,"column":44}},{"start":{"line":33,"column":47},"end":{"line":33,"column":51}}],"line":33},"1":{"loc":{"start":{"line":37,"column":4},"end":{"line":39,"column":5}},"type":"if","locations":[{"start":{"line":37,"column":4},"end":{"line":39,"column":5}},{"start":{},"end":{}}],"line":37},"2":{"loc":{"start":{"line":49,"column":13},"end":{"line":49,"column":28}},"type":"binary-expr","locations":[{"start":{"line":49,"column":13},"end":{"line":49,"column":24}},{"start":{"line":49,"column":26},"end":{"line":49,"column":28}}],"line":49},"3":{"loc":{"start":{"line":54,"column":4},"end":{"line":58,"column":5}},"type":"if","locations":[{"start":{"line":54,"column":4},"end":{"line":58,"column":5}},{"start":{"line":56,"column":11},"end":{"line":58,"column":5}}],"line":54},"4":{"loc":{"start":{"line":61,"column":9},"end":{"line":61,"column":111}},"type":"binary-expr","locations":[{"start":{"line":61,"column":9},"end":{"line":61,"column":31}},{"start":{"line":61,"column":35},"end":{"line":61,"column":111}}],"line":61},"5":{"loc":{"start":{"line":62,"column":9},"end":{"line":62,"column":139}},"type":"binary-expr","locations":[{"start":{"line":62,"column":9},"end":{"line":62,"column":31}},{"start":{"line":62,"column":35},"end":{"line":62,"column":139}}],"line":62}},"s":{"0":2,"1":2,"2":2,"3":0,"4":2,"5":0,"6":0,"7":2,"8":0,"9":0,"10":0,"11":0,"12":0,"13":0,"14":0,"15":2,"16":0,"17":0,"18":2,"19":0,"20":0,"21":2,"22":0,"23":2,"24":2,"25":0},"f":{"0":2,"1":0,"2":0,"3":0,"4":0,"5":0,"6":0,"7":0,"8":2,"9":0},"b":{"0":[0,0],"1":[0,0],"2":[0,0],"3":[0,2],"4":[2,0],"5":[2,0]},"_coverageSchema":"1a1c01bbd47fc00a2c39e90264f33305004495a9","hash":"b90e553c3e753c32096aa4391bfd0f14599f880f"}
,"/Users/admin/Downloads/HackReactor/RFC2205/project-atelier/client/src/QuestionAnswer/search.jsx": {"path":"/Users/admin/Downloads/HackReactor/RFC2205/project-atelier/client/src/QuestionAnswer/search.jsx","statementMap":{"0":{"start":{"line":7,"column":4},"end":{"line":7,"column":17}},"1":{"start":{"line":8,"column":4},"end":{"line":11,"column":5}},"2":{"start":{"line":14,"column":16},"end":{"line":29,"column":3}},"3":{"start":{"line":15,"column":4},"end":{"line":15,"column":23}},"4":{"start":{"line":16,"column":20},"end":{"line":16,"column":35}},"5":{"start":{"line":17,"column":4},"end":{"line":27,"column":5}},"6":{"start":{"line":18,"column":6},"end":{"line":18,"column":38}},"7":{"start":{"line":20,"column":20},"end":{"line":20,"column":22}},"8":{"start":{"line":21,"column":6},"end":{"line":25,"column":7}},"9":{"start":{"line":21,"column":19},"end":{"line":21,"column":20}},"10":{"start":{"line":22,"column":8},"end":{"line":24,"column":9}},"11":{"start":{"line":23,"column":10},"end":{"line":23,"column":37}},"12":{"start":{"line":26,"column":6},"end":{"line":26,"column":35}},"13":{"start":{"line":32,"column":4},"end":{"line":40,"column":5}},"14":{"start":{"line":35,"column":104},"end":{"line":35,"column":144}}},"fnMap":{"0":{"name":"(anonymous_0)","decl":{"start":{"line":6,"column":2},"end":{"line":6,"column":3}},"loc":{"start":{"line":6,"column":21},"end":{"line":12,"column":3}},"line":6},"1":{"name":"(anonymous_1)","decl":{"start":{"line":14,"column":16},"end":{"line":14,"column":17}},"loc":{"start":{"line":14,"column":23},"end":{"line":29,"column":3}},"line":14},"2":{"name":"(anonymous_2)","decl":{"start":{"line":31,"column":2},"end":{"line":31,"column":3}},"loc":{"start":{"line":31,"column":11},"end":{"line":41,"column":3}},"line":31},"3":{"name":"(anonymous_3)","decl":{"start":{"line":35,"column":95},"end":{"line":35,"column":96}},"loc":{"start":{"line":35,"column":102},"end":{"line":35,"column":146}},"line":35}},"branchMap":{"0":{"loc":{"start":{"line":17,"column":4},"end":{"line":27,"column":5}},"type":"if","locations":[{"start":{"line":17,"column":4},"end":{"line":27,"column":5}},{"start":{"line":19,"column":9},"end":{"line":27,"column":5}}],"line":17},"1":{"loc":{"start":{"line":17,"column":7},"end":{"line":17,"column":58}},"type":"binary-expr","locations":[{"start":{"line":17,"column":7},"end":{"line":17,"column":28}},{"start":{"line":17,"column":30},"end":{"line":17,"column":58}}],"line":17},"2":{"loc":{"start":{"line":22,"column":8},"end":{"line":24,"column":9}},"type":"if","locations":[{"start":{"line":22,"column":8},"end":{"line":24,"column":9}},{"start":{},"end":{}}],"line":22}},"s":{"0":2,"1":2,"2":2,"3":0,"4":0,"5":0,"6":0,"7":0,"8":0,"9":0,"10":0,"11":0,"12":0,"13":2,"14":0},"f":{"0":2,"1":0,"2":2,"3":0},"b":{"0":[0,0],"1":[0,0],"2":[0,0]},"_coverageSchema":"1a1c01bbd47fc00a2c39e90264f33305004495a9","hash":"f83a5a65b298b0ad35637034f3385a7eea635682"}
}
