TN:
SF:config.js
FNF:0
FNH:0
DA:1,1
LF:1
LH:1
BRF:0
BRH:0
end_of_record
TN:
SF:client/src/QuestionAnswer/addAnswer.jsx
FN:7,(anonymous_0)
FN:18,(anonymous_1)
FN:19,(anonymous_2)
FN:21,(anonymous_3)
FN:31,(anonymous_4)
FN:34,(anonymous_5)
FN:37,(anonymous_6)
FN:44,(anonymous_7)
FN:45,(anonymous_8)
FN:46,(anonymous_9)
FNF:10
FNH:4
FNDA:1,(anonymous_0)
FNDA:1,(anonymous_1)
FNDA:0,(anonymous_2)
FNDA:0,(anonymous_3)
FNDA:0,(anonymous_4)
FNDA:0,(anonymous_5)
FNDA:3,(anonymous_6)
FNDA:1,(anonymous_7)
FNDA:0,(anonymous_8)
FNDA:0,(anonymous_9)
DA:8,1
DA:9,1
DA:18,1
DA:19,1
DA:21,1
DA:22,0
DA:23,0
DA:24,0
DA:31,0
DA:32,0
DA:33,0
DA:34,0
DA:38,3
DA:44,1
DA:45,0
DA:46,0
LF:16
LH:7
BRF:0
BRH:0
end_of_record
TN:
SF:client/src/QuestionAnswer/addAnswerNew.jsx
FN:5,(anonymous_0)
FN:13,(anonymous_1)
FN:16,(anonymous_2)
FN:21,(anonymous_3)
FN:31,(anonymous_4)
FN:34,(anonymous_5)
FN:42,(anonymous_6)
FN:46,(anonymous_7)
FN:47,(anonymous_8)
FN:48,(anonymous_9)
FN:50,(anonymous_10)
FNF:11
FNH:0
FNDA:0,(anonymous_0)
FNDA:0,(anonymous_1)
FNDA:0,(anonymous_2)
FNDA:0,(anonymous_3)
FNDA:0,(anonymous_4)
FNDA:0,(anonymous_5)
FNDA:0,(anonymous_6)
FNDA:0,(anonymous_7)
FNDA:0,(anonymous_8)
FNDA:0,(anonymous_9)
FNDA:0,(anonymous_10)
DA:5,1
DA:8,0
DA:9,0
DA:10,0
DA:11,0
DA:13,0
DA:14,0
DA:15,0
DA:16,0
DA:17,0
DA:18,0
DA:21,0
DA:22,0
DA:23,0
DA:24,0
DA:31,0
DA:32,0
DA:33,0
DA:34,0
DA:38,0
DA:42,0
DA:46,0
DA:47,0
DA:48,0
DA:50,0
LF:25
LH:1
BRF:0
BRH:0
end_of_record
TN:
SF:client/src/QuestionAnswer/addQuestionNew.jsx
FN:5,AddQuestion
FN:12,(anonymous_1)
FN:22,(anonymous_2)
FN:25,(anonymous_3)
FN:33,(anonymous_4)
FN:37,(anonymous_5)
FN:38,(anonymous_6)
FN:39,(anonymous_7)
FNF:8
FNH:0
FNDA:0,AddQuestion
FNDA:0,(anonymous_1)
FNDA:0,(anonymous_2)
FNDA:0,(anonymous_3)
FNDA:0,(anonymous_4)
FNDA:0,(anonymous_5)
FNDA:0,(anonymous_6)
FNDA:0,(anonymous_7)
DA:8,0
DA:9,0
DA:10,0
DA:12,0
DA:13,0
DA:14,0
DA:15,0
DA:22,0
DA:23,0
DA:24,0
DA:25,0
DA:29,0
DA:33,0
DA:37,0
DA:38,0
DA:39,0
LF:16
LH:0
BRF:0
BRH:0
end_of_record
TN:
SF:client/src/QuestionAnswer/answerList.jsx
FN:7,(anonymous_0)
FN:15,(anonymous_1)
FN:18,(anonymous_2)
FN:25,(anonymous_3)
FN:25,(anonymous_4)
FN:28,(anonymous_5)
FN:35,(anonymous_6)
FN:35,(anonymous_7)
FN:39,(anonymous_8)
FN:48,(anonymous_9)
FNF:10
FNH:0
FNDA:0,(anonymous_0)
FNDA:0,(anonymous_1)
FNDA:0,(anonymous_2)
FNDA:0,(anonymous_3)
FNDA:0,(anonymous_4)
FNDA:0,(anonymous_5)
FNDA:0,(anonymous_6)
FNDA:0,(anonymous_7)
FNDA:0,(anonymous_8)
FNDA:0,(anonymous_9)
DA:8,0
DA:9,0
DA:15,0
DA:16,0
DA:18,0
DA:19,0
DA:20,0
DA:21,0
DA:24,0
DA:25,0
DA:28,0
DA:29,0
DA:30,0
DA:31,0
DA:34,0
DA:35,0
DA:41,0
DA:42,0
DA:44,0
DA:46,0
DA:49,0
LF:21
LH:0
BRDA:20,0,0,0
BRDA:20,0,1,0
BRDA:24,1,0,0
BRDA:24,1,1,0
BRDA:30,2,0,0
BRDA:30,2,1,0
BRDA:34,3,0,0
BRDA:34,3,1,0
BRDA:41,4,0,0
BRDA:41,4,1,0
BRF:10
BRH:0
end_of_record
TN:
SF:client/src/QuestionAnswer/photoDetail.jsx
FN:5,(anonymous_0)
FN:12,(anonymous_1)
FN:15,(anonymous_2)
FNF:3
FNH:0
FNDA:0,(anonymous_0)
FNDA:0,(anonymous_1)
FNDA:0,(anonymous_2)
DA:5,1
DA:6,0
DA:8,0
DA:12,0
DA:15,0
LF:5
LH:1
BRDA:15,0,0,0
BRDA:15,0,1,0
BRF:2
BRH:0
end_of_record
TN:
SF:client/src/QuestionAnswer/photoList.jsx
FN:6,(anonymous_0)
FN:14,(anonymous_1)
FN:15,(anonymous_2)
FNF:3
FNH:0
FNDA:0,(anonymous_0)
FNDA:0,(anonymous_1)
FNDA:0,(anonymous_2)
DA:6,1
DA:7,0
DA:9,0
DA:10,0
DA:15,0
DA:21,0
LF:6
LH:1
BRDA:9,0,0,0
BRDA:9,0,1,0
BRDA:12,1,0,0
BRDA:12,1,1,0
BRF:4
BRH:0
end_of_record
TN:
SF:client/src/QuestionAnswer/qa.jsx
FN:7,(anonymous_0)
FN:17,(anonymous_1)
FN:28,(anonymous_2)
FN:31,(anonymous_3)
FN:39,(anonymous_4)
FN:44,(anonymous_5)
FN:48,(anonymous_6)
FN:54,(anonymous_7)
FN:55,(anonymous_8)
FN:62,(anonymous_9)
FN:69,(anonymous_10)
FNF:11
FNH:4
FNDA:2,(anonymous_0)
FNDA:2,(anonymous_1)
FNDA:0,(anonymous_2)
FNDA:0,(anonymous_3)
FNDA:0,(anonymous_4)
FNDA:2,(anonymous_5)
FNDA:0,(anonymous_6)
FNDA:0,(anonymous_7)
FNDA:0,(anonymous_8)
FNDA:0,(anonymous_9)
FNDA:2,(anonymous_10)
DA:8,2
DA:9,2
DA:17,2
DA:18,2
DA:19,2
DA:28,2
DA:30,0
DA:31,0
DA:32,0
DA:37,0
DA:40,0
DA:45,2
DA:49,0
DA:50,0
DA:54,2
DA:55,0
DA:57,0
DA:62,2
DA:63,0
DA:64,0
DA:70,2
LF:21
LH:10
BRDA:31,0,0,0
BRDA:31,0,1,0
BRDA:49,1,0,0
BRDA:49,1,1,0
BRDA:55,2,0,0
BRDA:55,2,1,0
BRF:6
BRH:0
end_of_record
TN:
SF:client/src/QuestionAnswer/questionList.jsx
FN:12,(anonymous_0)
FN:21,(anonymous_1)
FN:25,(anonymous_2)
FN:31,(anonymous_3)
FN:38,(anonymous_4)
FN:38,(anonymous_5)
FN:41,(anonymous_6)
FN:45,(anonymous_7)
FN:52,(anonymous_8)
FN:65,(anonymous_9)
FNF:10
FNH:2
FNDA:2,(anonymous_0)
FNDA:0,(anonymous_1)
FNDA:0,(anonymous_2)
FNDA:0,(anonymous_3)
FNDA:0,(anonymous_4)
FNDA:0,(anonymous_5)
FNDA:0,(anonymous_6)
FNDA:0,(anonymous_7)
FNDA:2,(anonymous_8)
FNDA:0,(anonymous_9)
DA:13,2
DA:14,2
DA:21,2
DA:22,0
DA:25,2
DA:26,0
DA:27,0
DA:31,2
DA:32,0
DA:33,0
DA:34,0
DA:37,0
DA:38,0
DA:41,2
DA:42,0
DA:43,0
DA:45,2
DA:46,0
DA:47,0
DA:54,2
DA:55,0
DA:57,2
DA:59,2
DA:66,0
LF:24
LH:10
BRDA:33,0,0,0
BRDA:33,0,1,0
BRDA:37,1,0,0
BRDA:37,1,1,0
BRDA:49,2,0,0
BRDA:49,2,1,0
BRDA:54,3,0,0
BRDA:54,3,1,2
BRDA:61,4,0,2
BRDA:61,4,1,0
BRDA:62,5,0,2
BRDA:62,5,1,0
BRF:12
BRH:3
end_of_record
TN:
SF:client/src/QuestionAnswer/search.jsx
FN:6,(anonymous_0)
FN:14,(anonymous_1)
FN:31,(anonymous_2)
FN:35,(anonymous_3)
FNF:4
FNH:2
FNDA:2,(anonymous_0)
FNDA:0,(anonymous_1)
FNDA:2,(anonymous_2)
FNDA:0,(anonymous_3)
DA:7,2
DA:8,2
DA:14,2
DA:15,0
DA:16,0
DA:17,0
DA:18,0
DA:20,0
DA:21,0
DA:22,0
DA:23,0
DA:26,0
DA:32,2
DA:35,0
LF:14
LH:4
BRDA:17,0,0,0
BRDA:17,0,1,0
BRDA:17,1,0,0
BRDA:17,1,1,0
BRDA:22,2,0,0
BRDA:22,2,1,0
BRF:6
BRH:0
end_of_record
